<?xml version="1.0" encoding="UTF-8"?>
<testsuite xmlns:xsi="http://www.w3.org/2001/XMLSchema-instance" xsi:noNamespaceSchemaLocation="https://maven.apache.org/surefire/maven-surefire-plugin/xsd/surefire-test-report.xsd" name="com.gateway.GatewayApplicationTests" time="5.832" tests="1" errors="0" skipped="0" failures="0">
  <properties>
    <property name="java.specification.version" value="17"/>
    <property name="sun.jnu.encoding" value="UTF-8"/>
    <property name="java.class.path" value="/home/achraf/Documents/java projects/parent-project/gateway/target/test-classes:/home/achraf/Documents/java projects/parent-project/gateway/target/classes:/root/.m2/repository/org/springframework/boot/spring-boot-starter-web/2.7.3/spring-boot-starter-web-2.7.3.jar:/root/.m2/repository/org/springframework/boot/spring-boot-starter/2.7.3/spring-boot-starter-2.7.3.jar:/root/.m2/repository/org/springframework/boot/spring-boot/2.7.3/spring-boot-2.7.3.jar:/root/.m2/repository/org/springframework/boot/spring-boot-autoconfigure/2.7.3/spring-boot-autoconfigure-2.7.3.jar:/root/.m2/repository/org/springframework/boot/spring-boot-starter-logging/2.7.3/spring-boot-starter-logging-2.7.3.jar:/root/.m2/repository/ch/qos/logback/logback-classic/1.2.11/logback-classic-1.2.11.jar:/root/.m2/repository/ch/qos/logback/logback-core/1.2.11/logback-core-1.2.11.jar:/root/.m2/repository/org/apache/logging/log4j/log4j-to-slf4j/2.17.2/log4j-to-slf4j-2.17.2.jar:/root/.m2/repository/org/apache/logging/log4j/log4j-api/2.17.2/log4j-api-2.17.2.jar:/root/.m2/repository/org/slf4j/jul-to-slf4j/1.7.36/jul-to-slf4j-1.7.36.jar:/root/.m2/repository/jakarta/annotation/jakarta.annotation-api/1.3.5/jakarta.annotation-api-1.3.5.jar:/root/.m2/repository/org/yaml/snakeyaml/1.30/snakeyaml-1.30.jar:/root/.m2/repository/org/springframework/boot/spring-boot-starter-json/2.7.3/spring-boot-starter-json-2.7.3.jar:/root/.m2/repository/com/fasterxml/jackson/core/jackson-databind/2.13.3/jackson-databind-2.13.3.jar:/root/.m2/repository/com/fasterxml/jackson/core/jackson-annotations/2.13.3/jackson-annotations-2.13.3.jar:/root/.m2/repository/com/fasterxml/jackson/core/jackson-core/2.13.3/jackson-core-2.13.3.jar:/root/.m2/repository/com/fasterxml/jackson/datatype/jackson-datatype-jdk8/2.13.3/jackson-datatype-jdk8-2.13.3.jar:/root/.m2/repository/com/fasterxml/jackson/datatype/jackson-datatype-jsr310/2.13.3/jackson-datatype-jsr310-2.13.3.jar:/root/.m2/repository/com/fasterxml/jackson/module/jackson-module-parameter-names/2.13.3/jackson-module-parameter-names-2.13.3.jar:/root/.m2/repository/org/springframework/boot/spring-boot-starter-tomcat/2.7.3/spring-boot-starter-tomcat-2.7.3.jar:/root/.m2/repository/org/apache/tomcat/embed/tomcat-embed-core/9.0.65/tomcat-embed-core-9.0.65.jar:/root/.m2/repository/org/apache/tomcat/embed/tomcat-embed-el/9.0.65/tomcat-embed-el-9.0.65.jar:/root/.m2/repository/org/apache/tomcat/embed/tomcat-embed-websocket/9.0.65/tomcat-embed-websocket-9.0.65.jar:/root/.m2/repository/org/springframework/spring-web/5.3.22/spring-web-5.3.22.jar:/root/.m2/repository/org/springframework/spring-beans/5.3.22/spring-beans-5.3.22.jar:/root/.m2/repository/org/springframework/spring-webmvc/5.3.22/spring-webmvc-5.3.22.jar:/root/.m2/repository/org/springframework/spring-aop/5.3.22/spring-aop-5.3.22.jar:/root/.m2/repository/org/springframework/spring-context/5.3.22/spring-context-5.3.22.jar:/root/.m2/repository/org/springframework/spring-expression/5.3.22/spring-expression-5.3.22.jar:/root/.m2/repository/org/springframework/boot/spring-boot-starter-webflux/2.7.3/spring-boot-starter-webflux-2.7.3.jar:/root/.m2/repository/org/springframework/boot/spring-boot-starter-reactor-netty/2.7.3/spring-boot-starter-reactor-netty-2.7.3.jar:/root/.m2/repository/io/projectreactor/netty/reactor-netty-http/1.0.22/reactor-netty-http-1.0.22.jar:/root/.m2/repository/io/netty/netty-codec-http/4.1.79.Final/netty-codec-http-4.1.79.Final.jar:/root/.m2/repository/io/netty/netty-common/4.1.79.Final/netty-common-4.1.79.Final.jar:/root/.m2/repository/io/netty/netty-buffer/4.1.79.Final/netty-buffer-4.1.79.Final.jar:/root/.m2/repository/io/netty/netty-transport/4.1.79.Final/netty-transport-4.1.79.Final.jar:/root/.m2/repository/io/netty/netty-codec/4.1.79.Final/netty-codec-4.1.79.Final.jar:/root/.m2/repository/io/netty/netty-handler/4.1.79.Final/netty-handler-4.1.79.Final.jar:/root/.m2/repository/io/netty/netty-codec-http2/4.1.79.Final/netty-codec-http2-4.1.79.Final.jar:/root/.m2/repository/io/netty/netty-resolver-dns/4.1.79.Final/netty-resolver-dns-4.1.79.Final.jar:/root/.m2/repository/io/netty/netty-resolver/4.1.79.Final/netty-resolver-4.1.79.Final.jar:/root/.m2/repository/io/netty/netty-codec-dns/4.1.79.Final/netty-codec-dns-4.1.79.Final.jar:/root/.m2/repository/io/netty/netty-resolver-dns-native-macos/4.1.79.Final/netty-resolver-dns-native-macos-4.1.79.Final-osx-x86_64.jar:/root/.m2/repository/io/netty/netty-resolver-dns-classes-macos/4.1.79.Final/netty-resolver-dns-classes-macos-4.1.79.Final.jar:/root/.m2/repository/io/netty/netty-transport-native-epoll/4.1.79.Final/netty-transport-native-epoll-4.1.79.Final-linux-x86_64.jar:/root/.m2/repository/io/netty/netty-transport-native-unix-common/4.1.79.Final/netty-transport-native-unix-common-4.1.79.Final.jar:/root/.m2/repository/io/netty/netty-transport-classes-epoll/4.1.79.Final/netty-transport-classes-epoll-4.1.79.Final.jar:/root/.m2/repository/io/projectreactor/netty/reactor-netty-core/1.0.22/reactor-netty-core-1.0.22.jar:/root/.m2/repository/io/netty/netty-handler-proxy/4.1.79.Final/netty-handler-proxy-4.1.79.Final.jar:/root/.m2/repository/io/netty/netty-codec-socks/4.1.79.Final/netty-codec-socks-4.1.79.Final.jar:/root/.m2/repository/org/springframework/spring-webflux/5.3.22/spring-webflux-5.3.22.jar:/root/.m2/repository/io/projectreactor/reactor-core/3.4.22/reactor-core-3.4.22.jar:/root/.m2/repository/org/reactivestreams/reactive-streams/1.0.4/reactive-streams-1.0.4.jar:/root/.m2/repository/org/springframework/boot/spring-boot-starter-test/2.7.3/spring-boot-starter-test-2.7.3.jar:/root/.m2/repository/org/springframework/boot/spring-boot-test/2.7.3/spring-boot-test-2.7.3.jar:/root/.m2/repository/org/springframework/boot/spring-boot-test-autoconfigure/2.7.3/spring-boot-test-autoconfigure-2.7.3.jar:/root/.m2/repository/com/jayway/jsonpath/json-path/2.7.0/json-path-2.7.0.jar:/root/.m2/repository/net/minidev/json-smart/2.4.8/json-smart-2.4.8.jar:/root/.m2/repository/net/minidev/accessors-smart/2.4.8/accessors-smart-2.4.8.jar:/root/.m2/repository/org/ow2/asm/asm/9.1/asm-9.1.jar:/root/.m2/repository/org/slf4j/slf4j-api/1.7.36/slf4j-api-1.7.36.jar:/root/.m2/repository/jakarta/xml/bind/jakarta.xml.bind-api/2.3.3/jakarta.xml.bind-api-2.3.3.jar:/root/.m2/repository/jakarta/activation/jakarta.activation-api/1.2.2/jakarta.activation-api-1.2.2.jar:/root/.m2/repository/org/assertj/assertj-core/3.22.0/assertj-core-3.22.0.jar:/root/.m2/repository/org/hamcrest/hamcrest/2.2/hamcrest-2.2.jar:/root/.m2/repository/org/junit/jupiter/junit-jupiter/5.8.2/junit-jupiter-5.8.2.jar:/root/.m2/repository/org/junit/jupiter/junit-jupiter-api/5.8.2/junit-jupiter-api-5.8.2.jar:/root/.m2/repository/org/opentest4j/opentest4j/1.2.0/opentest4j-1.2.0.jar:/root/.m2/repository/org/junit/platform/junit-platform-commons/1.8.2/junit-platform-commons-1.8.2.jar:/root/.m2/repository/org/apiguardian/apiguardian-api/1.1.2/apiguardian-api-1.1.2.jar:/root/.m2/repository/org/junit/jupiter/junit-jupiter-params/5.8.2/junit-jupiter-params-5.8.2.jar:/root/.m2/repository/org/junit/jupiter/junit-jupiter-engine/5.8.2/junit-jupiter-engine-5.8.2.jar:/root/.m2/repository/org/junit/platform/junit-platform-engine/1.8.2/junit-platform-engine-1.8.2.jar:/root/.m2/repository/org/mockito/mockito-core/4.5.1/mockito-core-4.5.1.jar:/root/.m2/repository/net/bytebuddy/byte-buddy/1.12.13/byte-buddy-1.12.13.jar:/root/.m2/repository/net/bytebuddy/byte-buddy-agent/1.12.13/byte-buddy-agent-1.12.13.jar:/root/.m2/repository/org/objenesis/objenesis/3.2/objenesis-3.2.jar:/root/.m2/repository/org/mockito/mockito-junit-jupiter/4.5.1/mockito-junit-jupiter-4.5.1.jar:/root/.m2/repository/org/skyscreamer/jsonassert/1.5.1/jsonassert-1.5.1.jar:/root/.m2/repository/com/vaadin/external/google/android-json/0.0.20131108.vaadin1/android-json-0.0.20131108.vaadin1.jar:/root/.m2/repository/org/springframework/spring-core/5.3.22/spring-core-5.3.22.jar:/root/.m2/repository/org/springframework/spring-jcl/5.3.22/spring-jcl-5.3.22.jar:/root/.m2/repository/org/springframework/spring-test/5.3.22/spring-test-5.3.22.jar:/root/.m2/repository/org/xmlunit/xmlunit-core/2.9.0/xmlunit-core-2.9.0.jar:/root/.m2/repository/org/springframework/cloud/spring-cloud-starter-gateway/3.1.3/spring-cloud-starter-gateway-3.1.3.jar:/root/.m2/repository/org/springframework/cloud/spring-cloud-starter/3.1.3/spring-cloud-starter-3.1.3.jar:/root/.m2/repository/org/springframework/cloud/spring-cloud-context/3.1.3/spring-cloud-context-3.1.3.jar:/root/.m2/repository/org/springframework/security/spring-security-crypto/5.7.3/spring-security-crypto-5.7.3.jar:/root/.m2/repository/org/springframework/cloud/spring-cloud-commons/3.1.3/spring-cloud-commons-3.1.3.jar:/root/.m2/repository/org/springframework/security/spring-security-rsa/1.0.10.RELEASE/spring-security-rsa-1.0.10.RELEASE.jar:/root/.m2/repository/org/bouncycastle/bcpkix-jdk15on/1.68/bcpkix-jdk15on-1.68.jar:/root/.m2/repository/org/bouncycastle/bcprov-jdk15on/1.68/bcprov-jdk15on-1.68.jar:/root/.m2/repository/org/springframework/cloud/spring-cloud-gateway-server/3.1.3/spring-cloud-gateway-server-3.1.3.jar:/root/.m2/repository/org/springframework/boot/spring-boot-starter-validation/2.7.3/spring-boot-starter-validation-2.7.3.jar:/root/.m2/repository/org/hibernate/validator/hibernate-validator/6.2.4.Final/hibernate-validator-6.2.4.Final.jar:/root/.m2/repository/jakarta/validation/jakarta.validation-api/2.0.2/jakarta.validation-api-2.0.2.jar:/root/.m2/repository/org/jboss/logging/jboss-logging/3.4.3.Final/jboss-logging-3.4.3.Final.jar:/root/.m2/repository/com/fasterxml/classmate/1.5.1/classmate-1.5.1.jar:/root/.m2/repository/io/projectreactor/addons/reactor-extra/3.4.8/reactor-extra-3.4.8.jar:"/>
    <property name="java.vm.vendor" value="Oracle Corporation"/>
    <property name="sun.arch.data.model" value="64"/>
    <property name="java.vendor.url" value="https://java.oracle.com/"/>
    <property name="os.name" value="Linux"/>
    <property name="java.vm.specification.version" value="17"/>
    <property name="sun.java.launcher" value="SUN_STANDARD"/>
    <property name="user.country" value="FR"/>
    <property name="sun.boot.library.path" value="/home/achraf/Documents/softwares/jdk-17.0.10_linux-x64_bin/jdk-17.0.10/lib"/>
    <property name="sun.java.command" value="/home/achraf/Documents/java projects/parent-project/gateway/target/surefire/surefirebooter1347067684946855943.jar /home/achraf/Documents/java projects/parent-project/gateway/target/surefire 2024-08-30T22-08-01_679-jvmRun1 surefire1250273062225159700tmp surefire_0633455050878866437tmp"/>
    <property name="jdk.debug" value="release"/>
    <property name="surefire.test.class.path" value="/home/achraf/Documents/java projects/parent-project/gateway/target/test-classes:/home/achraf/Documents/java projects/parent-project/gateway/target/classes:/root/.m2/repository/org/springframework/boot/spring-boot-starter-web/2.7.3/spring-boot-starter-web-2.7.3.jar:/root/.m2/repository/org/springframework/boot/spring-boot-starter/2.7.3/spring-boot-starter-2.7.3.jar:/root/.m2/repository/org/springframework/boot/spring-boot/2.7.3/spring-boot-2.7.3.jar:/root/.m2/repository/org/springframework/boot/spring-boot-autoconfigure/2.7.3/spring-boot-autoconfigure-2.7.3.jar:/root/.m2/repository/org/springframework/boot/spring-boot-starter-logging/2.7.3/spring-boot-starter-logging-2.7.3.jar:/root/.m2/repository/ch/qos/logback/logback-classic/1.2.11/logback-classic-1.2.11.jar:/root/.m2/repository/ch/qos/logback/logback-core/1.2.11/logback-core-1.2.11.jar:/root/.m2/repository/org/apache/logging/log4j/log4j-to-slf4j/2.17.2/log4j-to-slf4j-2.17.2.jar:/root/.m2/repository/org/apache/logging/log4j/log4j-api/2.17.2/log4j-api-2.17.2.jar:/root/.m2/repository/org/slf4j/jul-to-slf4j/1.7.36/jul-to-slf4j-1.7.36.jar:/root/.m2/repository/jakarta/annotation/jakarta.annotation-api/1.3.5/jakarta.annotation-api-1.3.5.jar:/root/.m2/repository/org/yaml/snakeyaml/1.30/snakeyaml-1.30.jar:/root/.m2/repository/org/springframework/boot/spring-boot-starter-json/2.7.3/spring-boot-starter-json-2.7.3.jar:/root/.m2/repository/com/fasterxml/jackson/core/jackson-databind/2.13.3/jackson-databind-2.13.3.jar:/root/.m2/repository/com/fasterxml/jackson/core/jackson-annotations/2.13.3/jackson-annotations-2.13.3.jar:/root/.m2/repository/com/fasterxml/jackson/core/jackson-core/2.13.3/jackson-core-2.13.3.jar:/root/.m2/repository/com/fasterxml/jackson/datatype/jackson-datatype-jdk8/2.13.3/jackson-datatype-jdk8-2.13.3.jar:/root/.m2/repository/com/fasterxml/jackson/datatype/jackson-datatype-jsr310/2.13.3/jackson-datatype-jsr310-2.13.3.jar:/root/.m2/repository/com/fasterxml/jackson/module/jackson-module-parameter-names/2.13.3/jackson-module-parameter-names-2.13.3.jar:/root/.m2/repository/org/springframework/boot/spring-boot-starter-tomcat/2.7.3/spring-boot-starter-tomcat-2.7.3.jar:/root/.m2/repository/org/apache/tomcat/embed/tomcat-embed-core/9.0.65/tomcat-embed-core-9.0.65.jar:/root/.m2/repository/org/apache/tomcat/embed/tomcat-embed-el/9.0.65/tomcat-embed-el-9.0.65.jar:/root/.m2/repository/org/apache/tomcat/embed/tomcat-embed-websocket/9.0.65/tomcat-embed-websocket-9.0.65.jar:/root/.m2/repository/org/springframework/spring-web/5.3.22/spring-web-5.3.22.jar:/root/.m2/repository/org/springframework/spring-beans/5.3.22/spring-beans-5.3.22.jar:/root/.m2/repository/org/springframework/spring-webmvc/5.3.22/spring-webmvc-5.3.22.jar:/root/.m2/repository/org/springframework/spring-aop/5.3.22/spring-aop-5.3.22.jar:/root/.m2/repository/org/springframework/spring-context/5.3.22/spring-context-5.3.22.jar:/root/.m2/repository/org/springframework/spring-expression/5.3.22/spring-expression-5.3.22.jar:/root/.m2/repository/org/springframework/boot/spring-boot-starter-webflux/2.7.3/spring-boot-starter-webflux-2.7.3.jar:/root/.m2/repository/org/springframework/boot/spring-boot-starter-reactor-netty/2.7.3/spring-boot-starter-reactor-netty-2.7.3.jar:/root/.m2/repository/io/projectreactor/netty/reactor-netty-http/1.0.22/reactor-netty-http-1.0.22.jar:/root/.m2/repository/io/netty/netty-codec-http/4.1.79.Final/netty-codec-http-4.1.79.Final.jar:/root/.m2/repository/io/netty/netty-common/4.1.79.Final/netty-common-4.1.79.Final.jar:/root/.m2/repository/io/netty/netty-buffer/4.1.79.Final/netty-buffer-4.1.79.Final.jar:/root/.m2/repository/io/netty/netty-transport/4.1.79.Final/netty-transport-4.1.79.Final.jar:/root/.m2/repository/io/netty/netty-codec/4.1.79.Final/netty-codec-4.1.79.Final.jar:/root/.m2/repository/io/netty/netty-handler/4.1.79.Final/netty-handler-4.1.79.Final.jar:/root/.m2/repository/io/netty/netty-codec-http2/4.1.79.Final/netty-codec-http2-4.1.79.Final.jar:/root/.m2/repository/io/netty/netty-resolver-dns/4.1.79.Final/netty-resolver-dns-4.1.79.Final.jar:/root/.m2/repository/io/netty/netty-resolver/4.1.79.Final/netty-resolver-4.1.79.Final.jar:/root/.m2/repository/io/netty/netty-codec-dns/4.1.79.Final/netty-codec-dns-4.1.79.Final.jar:/root/.m2/repository/io/netty/netty-resolver-dns-native-macos/4.1.79.Final/netty-resolver-dns-native-macos-4.1.79.Final-osx-x86_64.jar:/root/.m2/repository/io/netty/netty-resolver-dns-classes-macos/4.1.79.Final/netty-resolver-dns-classes-macos-4.1.79.Final.jar:/root/.m2/repository/io/netty/netty-transport-native-epoll/4.1.79.Final/netty-transport-native-epoll-4.1.79.Final-linux-x86_64.jar:/root/.m2/repository/io/netty/netty-transport-native-unix-common/4.1.79.Final/netty-transport-native-unix-common-4.1.79.Final.jar:/root/.m2/repository/io/netty/netty-transport-classes-epoll/4.1.79.Final/netty-transport-classes-epoll-4.1.79.Final.jar:/root/.m2/repository/io/projectreactor/netty/reactor-netty-core/1.0.22/reactor-netty-core-1.0.22.jar:/root/.m2/repository/io/netty/netty-handler-proxy/4.1.79.Final/netty-handler-proxy-4.1.79.Final.jar:/root/.m2/repository/io/netty/netty-codec-socks/4.1.79.Final/netty-codec-socks-4.1.79.Final.jar:/root/.m2/repository/org/springframework/spring-webflux/5.3.22/spring-webflux-5.3.22.jar:/root/.m2/repository/io/projectreactor/reactor-core/3.4.22/reactor-core-3.4.22.jar:/root/.m2/repository/org/reactivestreams/reactive-streams/1.0.4/reactive-streams-1.0.4.jar:/root/.m2/repository/org/springframework/boot/spring-boot-starter-test/2.7.3/spring-boot-starter-test-2.7.3.jar:/root/.m2/repository/org/springframework/boot/spring-boot-test/2.7.3/spring-boot-test-2.7.3.jar:/root/.m2/repository/org/springframework/boot/spring-boot-test-autoconfigure/2.7.3/spring-boot-test-autoconfigure-2.7.3.jar:/root/.m2/repository/com/jayway/jsonpath/json-path/2.7.0/json-path-2.7.0.jar:/root/.m2/repository/net/minidev/json-smart/2.4.8/json-smart-2.4.8.jar:/root/.m2/repository/net/minidev/accessors-smart/2.4.8/accessors-smart-2.4.8.jar:/root/.m2/repository/org/ow2/asm/asm/9.1/asm-9.1.jar:/root/.m2/repository/org/slf4j/slf4j-api/1.7.36/slf4j-api-1.7.36.jar:/root/.m2/repository/jakarta/xml/bind/jakarta.xml.bind-api/2.3.3/jakarta.xml.bind-api-2.3.3.jar:/root/.m2/repository/jakarta/activation/jakarta.activation-api/1.2.2/jakarta.activation-api-1.2.2.jar:/root/.m2/repository/org/assertj/assertj-core/3.22.0/assertj-core-3.22.0.jar:/root/.m2/repository/org/hamcrest/hamcrest/2.2/hamcrest-2.2.jar:/root/.m2/repository/org/junit/jupiter/junit-jupiter/5.8.2/junit-jupiter-5.8.2.jar:/root/.m2/repository/org/junit/jupiter/junit-jupiter-api/5.8.2/junit-jupiter-api-5.8.2.jar:/root/.m2/repository/org/opentest4j/opentest4j/1.2.0/opentest4j-1.2.0.jar:/root/.m2/repository/org/junit/platform/junit-platform-commons/1.8.2/junit-platform-commons-1.8.2.jar:/root/.m2/repository/org/apiguardian/apiguardian-api/1.1.2/apiguardian-api-1.1.2.jar:/root/.m2/repository/org/junit/jupiter/junit-jupiter-params/5.8.2/junit-jupiter-params-5.8.2.jar:/root/.m2/repository/org/junit/jupiter/junit-jupiter-engine/5.8.2/junit-jupiter-engine-5.8.2.jar:/root/.m2/repository/org/junit/platform/junit-platform-engine/1.8.2/junit-platform-engine-1.8.2.jar:/root/.m2/repository/org/mockito/mockito-core/4.5.1/mockito-core-4.5.1.jar:/root/.m2/repository/net/bytebuddy/byte-buddy/1.12.13/byte-buddy-1.12.13.jar:/root/.m2/repository/net/bytebuddy/byte-buddy-agent/1.12.13/byte-buddy-agent-1.12.13.jar:/root/.m2/repository/org/objenesis/objenesis/3.2/objenesis-3.2.jar:/root/.m2/repository/org/mockito/mockito-junit-jupiter/4.5.1/mockito-junit-jupiter-4.5.1.jar:/root/.m2/repository/org/skyscreamer/jsonassert/1.5.1/jsonassert-1.5.1.jar:/root/.m2/repository/com/vaadin/external/google/android-json/0.0.20131108.vaadin1/android-json-0.0.20131108.vaadin1.jar:/root/.m2/repository/org/springframework/spring-core/5.3.22/spring-core-5.3.22.jar:/root/.m2/repository/org/springframework/spring-jcl/5.3.22/spring-jcl-5.3.22.jar:/root/.m2/repository/org/springframework/spring-test/5.3.22/spring-test-5.3.22.jar:/root/.m2/repository/org/xmlunit/xmlunit-core/2.9.0/xmlunit-core-2.9.0.jar:/root/.m2/repository/org/springframework/cloud/spring-cloud-starter-gateway/3.1.3/spring-cloud-starter-gateway-3.1.3.jar:/root/.m2/repository/org/springframework/cloud/spring-cloud-starter/3.1.3/spring-cloud-starter-3.1.3.jar:/root/.m2/repository/org/springframework/cloud/spring-cloud-context/3.1.3/spring-cloud-context-3.1.3.jar:/root/.m2/repository/org/springframework/security/spring-security-crypto/5.7.3/spring-security-crypto-5.7.3.jar:/root/.m2/repository/org/springframework/cloud/spring-cloud-commons/3.1.3/spring-cloud-commons-3.1.3.jar:/root/.m2/repository/org/springframework/security/spring-security-rsa/1.0.10.RELEASE/spring-security-rsa-1.0.10.RELEASE.jar:/root/.m2/repository/org/bouncycastle/bcpkix-jdk15on/1.68/bcpkix-jdk15on-1.68.jar:/root/.m2/repository/org/bouncycastle/bcprov-jdk15on/1.68/bcprov-jdk15on-1.68.jar:/root/.m2/repository/org/springframework/cloud/spring-cloud-gateway-server/3.1.3/spring-cloud-gateway-server-3.1.3.jar:/root/.m2/repository/org/springframework/boot/spring-boot-starter-validation/2.7.3/spring-boot-starter-validation-2.7.3.jar:/root/.m2/repository/org/hibernate/validator/hibernate-validator/6.2.4.Final/hibernate-validator-6.2.4.Final.jar:/root/.m2/repository/jakarta/validation/jakarta.validation-api/2.0.2/jakarta.validation-api-2.0.2.jar:/root/.m2/repository/org/jboss/logging/jboss-logging/3.4.3.Final/jboss-logging-3.4.3.Final.jar:/root/.m2/repository/com/fasterxml/classmate/1.5.1/classmate-1.5.1.jar:/root/.m2/repository/io/projectreactor/addons/reactor-extra/3.4.8/reactor-extra-3.4.8.jar:"/>
    <property name="sun.cpu.endian" value="little"/>
    <property name="user.home" value="/root"/>
    <property name="user.language" value="fr"/>
    <property name="java.specification.vendor" value="Oracle Corporation"/>
    <property name="java.version.date" value="2024-01-16"/>
    <property name="java.home" value="/home/achraf/Documents/softwares/jdk-17.0.10_linux-x64_bin/jdk-17.0.10"/>
    <property name="file.separator" value="/"/>
    <property name="basedir" value="/home/achraf/Documents/java projects/parent-project/gateway"/>
    <property name="java.vm.compressedOopsMode" value="Zero based"/>
    <property name="line.separator" value="&#10;"/>
    <property name="java.vm.specification.vendor" value="Oracle Corporation"/>
    <property name="java.specification.name" value="Java Platform API Specification"/>
    <property name="surefire.real.class.path" value="/home/achraf/Documents/java projects/parent-project/gateway/target/surefire/surefirebooter1347067684946855943.jar"/>
    <property name="sun.management.compiler" value="HotSpot 64-Bit Tiered Compilers"/>
    <property name="java.runtime.version" value="17.0.10+11-LTS-240"/>
    <property name="user.name" value="root"/>
    <property name="path.separator" value=":"/>
    <property name="os.version" value="6.8.0-40-generic"/>
    <property name="java.runtime.name" value="Java(TM) SE Runtime Environment"/>
    <property name="file.encoding" value="UTF-8"/>
    <property name="java.vm.name" value="Java HotSpot(TM) 64-Bit Server VM"/>
    <property name="localRepository" value="/root/.m2/repository"/>
    <property name="java.vendor.url.bug" value="https://bugreport.java.com/bugreport/"/>
    <property name="java.io.tmpdir" value="/tmp"/>
    <property name="java.version" value="17.0.10"/>
    <property name="user.dir" value="/home/achraf/Documents/java projects/parent-project/gateway"/>
    <property name="os.arch" value="amd64"/>
    <property name="java.vm.specification.name" value="Java Virtual Machine Specification"/>
    <property name="native.encoding" value="UTF-8"/>
    <property name="java.library.path" value="/usr/java/packages/lib:/usr/lib64:/lib64:/lib:/usr/lib"/>
    <property name="java.vm.info" value="mixed mode, sharing"/>
    <property name="java.vendor" value="Oracle Corporation"/>
    <property name="java.vm.version" value="17.0.10+11-LTS-240"/>
    <property name="sun.io.unicode.encoding" value="UnicodeLittle"/>
    <property name="java.class.version" value="61.0"/>
  </properties>
  <testcase name="contextLoads" classname="com.gateway.GatewayApplicationTests" time="0.289"/>
</testsuite>